[Mon, 09 Apr 18 00:55:14 +0700][ERROR] [2]: EditController handler class cannot be loaded

[Mon, 09 Apr 18 00:57:33 +0700][ERROR] [2]: EditController handler class cannot be loaded

[Mon, 09 Apr 18 00:57:39 +0700][ERROR] [2]: EditController handler class cannot be loaded

[Mon, 09 Apr 18 00:57:59 +0700][ERROR] [2]: EditController handler class cannot be loaded

[Mon, 09 Apr 18 00:58:31 +0700][ERROR] [2]: EditController handler class cannot be loaded

[Mon, 09 Apr 18 01:13:01 +0700][ERROR] [2]: ImgController handler class cannot be loaded

[Mon, 09 Apr 18 01:13:26 +0700][ERROR] [2]: ImgController handler class cannot be loaded

[Mon, 09 Apr 18 01:13:28 +0700][ERROR] [2]: ImgController handler class cannot be loaded

[Mon, 09 Apr 18 01:34:23 +0700][ERROR] [2]: VendorController handler class cannot be loaded

[Mon, 09 Apr 18 01:34:41 +0700][ERROR] [2]: VendorController handler class cannot be loaded

[Mon, 09 Apr 18 01:37:47 +0700][ERROR] [2]: VendorController handler class cannot be loaded

[Mon, 09 Apr 18 01:37:47 +0700][ERROR] [2]: VendorController handler class cannot be loaded

[Mon, 09 Apr 18 01:38:03 +0700][ERROR] [2]: VendorController handler class cannot be loaded

[Mon, 09 Apr 18 01:38:57 +0700][ERROR] [2]: JsController handler class cannot be loaded

[Mon, 09 Apr 18 01:38:57 +0700][ERROR] [2]: JsController handler class cannot be loaded

[Mon, 09 Apr 18 01:42:14 +0700][ERROR] [2]: VendorController handler class cannot be loaded

[Mon, 09 Apr 18 01:42:14 +0700][ERROR] [2]: VendorController handler class cannot be loaded

[Mon, 09 Apr 18 01:42:15 +0700][ERROR] [2]: VendorController handler class cannot be loaded

[Mon, 09 Apr 18 01:42:15 +0700][ERROR] [2]: VendorController handler class cannot be loaded

[Mon, 09 Apr 18 01:42:17 +0700][ERROR] [2]: VendorController handler class cannot be loaded

[Mon, 09 Apr 18 01:42:17 +0700][ERROR] [2]: VendorController handler class cannot be loaded

[Mon, 09 Apr 18 12:59:55 +0700][ERROR] [2]: CssController handler class cannot be loaded

[Mon, 09 Apr 18 12:59:56 +0700][ERROR] [2]: JsController handler class cannot be loaded

[Mon, 09 Apr 18 12:59:56 +0700][ERROR] [2]: JsController handler class cannot be loaded

[Mon, 09 Apr 18 13:05:46 +0700][ERROR] [2]: CssController handler class cannot be loaded

[Mon, 09 Apr 18 13:05:46 +0700][ERROR] [2]: CssController handler class cannot be loaded

[Mon, 09 Apr 18 13:19:18 +0700][ERROR] [2]: CssController handler class cannot be loaded

[Mon, 09 Apr 18 13:19:18 +0700][ERROR] [2]: JsController handler class cannot be loaded

[Mon, 09 Apr 18 13:19:18 +0700][ERROR] [2]: CssController handler class cannot be loaded

[Mon, 09 Apr 18 13:43:06 +0700][ERROR] [2]: CssController handler class cannot be loaded

[Mon, 09 Apr 18 13:43:07 +0700][ERROR] [2]: CssController handler class cannot be loaded

[Mon, 09 Apr 18 13:43:10 +0700][ERROR] [2]: CssController handler class cannot be loaded

[Mon, 09 Apr 18 13:43:10 +0700][ERROR] [2]: CssController handler class cannot be loaded

[Mon, 09 Apr 18 13:45:36 +0700][ERROR] [2]: CssController handler class cannot be loaded

[Mon, 09 Apr 18 13:45:36 +0700][ERROR] [2]: CssController handler class cannot be loaded

[Mon, 09 Apr 18 13:54:09 +0700][ERROR] [2]: CssController handler class cannot be loaded

[Mon, 09 Apr 18 13:54:09 +0700][ERROR] [2]: CssController handler class cannot be loaded

[Mon, 09 Apr 18 14:00:08 +0700][ERROR] [2]: CssController handler class cannot be loaded

[Mon, 09 Apr 18 14:00:08 +0700][ERROR] [2]: JsController handler class cannot be loaded

[Mon, 09 Apr 18 14:00:08 +0700][ERROR] [2]: CssController handler class cannot be loaded

[Mon, 09 Apr 18 14:00:21 +0700][ERROR] [2]: CssController handler class cannot be loaded

[Mon, 09 Apr 18 14:00:21 +0700][ERROR] [2]: CssController handler class cannot be loaded

[Mon, 09 Apr 18 14:01:11 +0700][ERROR] [2]: CssController handler class cannot be loaded

[Mon, 09 Apr 18 14:01:11 +0700][ERROR] [2]: CssController handler class cannot be loaded

[Mon, 09 Apr 18 14:02:39 +0700][ERROR] [2]: ImgController handler class cannot be loaded

[Mon, 09 Apr 18 14:04:12 +0700][ERROR] [2]: ImgController handler class cannot be loaded

[Mon, 09 Apr 18 14:04:18 +0700][ERROR] [2]: ImgController handler class cannot be loaded

[Mon, 09 Apr 18 14:04:21 +0700][ERROR] [2]: ImgController handler class cannot be loaded

[Mon, 09 Apr 18 14:04:32 +0700][ERROR] [2]: ImgController handler class cannot be loaded

[Mon, 09 Apr 18 14:04:35 +0700][ERROR] [2]: ImgController handler class cannot be loaded

[Mon, 09 Apr 18 14:08:22 +0700][ERROR] [2]: CssController handler class cannot be loaded

[Mon, 09 Apr 18 14:08:22 +0700][ERROR] [2]: CssController handler class cannot be loaded

[Mon, 09 Apr 18 14:10:33 +0700][ERROR] [2]: CssController handler class cannot be loaded

[Mon, 09 Apr 18 14:10:33 +0700][ERROR] [2]: JsController handler class cannot be loaded

[Mon, 09 Apr 18 14:10:33 +0700][ERROR] [2]: CssController handler class cannot be loaded

[Mon, 09 Apr 18 14:10:48 +0700][ERROR] [2]: CssController handler class cannot be loaded

[Mon, 09 Apr 18 14:10:48 +0700][ERROR] [2]: CssController handler class cannot be loaded

[Mon, 09 Apr 18 14:10:50 +0700][ERROR] [2]: JsController handler class cannot be loaded

[Mon, 09 Apr 18 14:10:50 +0700][ERROR] [2]: CssController handler class cannot be loaded

[Mon, 09 Apr 18 14:10:50 +0700][ERROR] [2]: CssController handler class cannot be loaded

[Mon, 09 Apr 18 14:10:50 +0700][ERROR] [2]: CssController handler class cannot be loaded

[Mon, 09 Apr 18 14:11:16 +0700][ERROR] [2]: CssController handler class cannot be loaded

[Mon, 09 Apr 18 14:11:16 +0700][ERROR] [2]: CssController handler class cannot be loaded

[Mon, 09 Apr 18 14:11:25 +0700][ERROR] [2]: CssController handler class cannot be loaded

[Mon, 09 Apr 18 14:11:25 +0700][ERROR] [2]: CssController handler class cannot be loaded

[Mon, 09 Apr 18 14:13:06 +0700][ERROR] [2]: CssController handler class cannot be loaded

[Mon, 09 Apr 18 14:13:06 +0700][ERROR] [2]: CssController handler class cannot be loaded

[Mon, 09 Apr 18 14:13:07 +0700][ERROR] [2]: CssController handler class cannot be loaded

[Mon, 09 Apr 18 14:13:07 +0700][ERROR] [2]: CssController handler class cannot be loaded

[Mon, 09 Apr 18 14:13:07 +0700][ERROR] [2]: CssController handler class cannot be loaded

[Mon, 09 Apr 18 14:13:07 +0700][ERROR] [2]: CssController handler class cannot be loaded

[Mon, 09 Apr 18 14:13:07 +0700][ERROR] [2]: CssController handler class cannot be loaded

[Mon, 09 Apr 18 14:13:07 +0700][ERROR] [2]: CssController handler class cannot be loaded

[Mon, 09 Apr 18 14:13:12 +0700][ERROR] [2]: CssController handler class cannot be loaded

[Mon, 09 Apr 18 14:13:12 +0700][ERROR] [2]: CssController handler class cannot be loaded

[Mon, 09 Apr 18 14:13:25 +0700][ERROR] [2]: CssController handler class cannot be loaded

[Mon, 09 Apr 18 14:13:25 +0700][ERROR] [2]: CssController handler class cannot be loaded

[Mon, 09 Apr 18 14:13:26 +0700][ERROR] [2]: CssController handler class cannot be loaded

[Mon, 09 Apr 18 14:13:26 +0700][ERROR] [2]: CssController handler class cannot be loaded

[Mon, 09 Apr 18 14:13:26 +0700][ERROR] [2]: CssController handler class cannot be loaded

[Mon, 09 Apr 18 14:13:26 +0700][ERROR] [2]: CssController handler class cannot be loaded

[Mon, 09 Apr 18 14:14:34 +0700][ERROR] [2]: CssController handler class cannot be loaded

[Mon, 09 Apr 18 14:14:34 +0700][ERROR] [2]: CssController handler class cannot be loaded

[Mon, 09 Apr 18 14:14:51 +0700][ERROR] [2]: CssController handler class cannot be loaded

[Mon, 09 Apr 18 14:14:51 +0700][ERROR] [2]: CssController handler class cannot be loaded

[Mon, 09 Apr 18 14:14:51 +0700][ERROR] [2]: CssController handler class cannot be loaded

[Mon, 09 Apr 18 14:14:51 +0700][ERROR] [2]: CssController handler class cannot be loaded

[Mon, 09 Apr 18 14:14:51 +0700][ERROR] [2]: CssController handler class cannot be loaded

[Mon, 09 Apr 18 14:14:51 +0700][ERROR] [2]: CssController handler class cannot be loaded

[Mon, 09 Apr 18 14:15:32 +0700][ERROR] [2]: CssController handler class cannot be loaded

[Mon, 09 Apr 18 14:15:32 +0700][ERROR] [2]: CssController handler class cannot be loaded

[Mon, 09 Apr 18 14:16:25 +0700][ERROR] [2]: CssController handler class cannot be loaded

[Mon, 09 Apr 18 14:16:25 +0700][ERROR] [2]: CssController handler class cannot be loaded

[Mon, 09 Apr 18 14:17:00 +0700][ERROR] [2]: CssController handler class cannot be loaded

[Mon, 09 Apr 18 14:17:00 +0700][ERROR] [2]: CssController handler class cannot be loaded

[Mon, 09 Apr 18 14:20:33 +0700][ERROR] [2]: CssController handler class cannot be loaded

[Mon, 09 Apr 18 14:20:34 +0700][ERROR] [2]: CssController handler class cannot be loaded

